0 info it worked if it ends with ok
1 verbose cli [ 'D:\\node\\node.exe',
1 verbose cli   'D:\\node\\node_modules\\npm\\bin\\npm-cli.js',
1 verbose cli   'run',
1 verbose cli   'bn' ]
2 info using npm@3.10.10
3 info using node@v6.11.3
4 verbose run-script [ 'prebn', 'bn', 'postbn' ]
5 info lifecycle spider@1.0.0~prebn: spider@1.0.0
6 silly lifecycle spider@1.0.0~prebn: no script for prebn, continuing
7 info lifecycle spider@1.0.0~bn: spider@1.0.0
8 verbose lifecycle spider@1.0.0~bn: unsafe-perm in lifecycle true
9 verbose lifecycle spider@1.0.0~bn: PATH: D:\node\node_modules\npm\bin\node-gyp-bin;E:\Code\node\spider\node_modules\.bin;C:\Users\redtea\bin;D:\git-2.14.1\Git\mingw64\bin;D:\git-2.14.1\Git\usr\local\bin;D:\git-2.14.1\Git\usr\bin;D:\git-2.14.1\Git\usr\bin;D:\git-2.14.1\Git\mingw64\bin;D:\git-2.14.1\Git\usr\bin;C:\Users\redtea\bin;C:\ProgramData\Oracle\Java\javapath;C:\WINDOWS\system32;C:\WINDOWS;C:\WINDOWS\System32\Wbem;C:\WINDOWS\System32\WindowsPowerShell\v1.0;D:\node;C:\Program Files (x86)\GtkSharp\2.12\bin;D:\git-2.14.1\Git\cmd;D:\putty;D:\mongodb\bin;C:\Users\redtea\AppData\Local\Microsoft\WindowsApps;C:\Users\redtea\AppData\Roaming\npm;D:\jdk-8u151\bin;D:\jdk-8u151\jre\bin;D:\mongodb\bin;D:\git-2.14.1\Git\usr\bin\vendor_perl;D:\git-2.14.1\Git\usr\bin\core_perl
10 verbose lifecycle spider@1.0.0~bn: CWD: E:\Code\node\spider
11 silly lifecycle spider@1.0.0~bn: Args: [ '/d /s /c', 'babel-node index.js' ]
12 silly lifecycle spider@1.0.0~bn: Returned: code: 1  signal: null
13 info lifecycle spider@1.0.0~bn: Failed to exec bn script
14 verbose stack Error: spider@1.0.0 bn: `babel-node index.js`
14 verbose stack Exit status 1
14 verbose stack     at EventEmitter.<anonymous> (D:\node\node_modules\npm\lib\utils\lifecycle.js:255:16)
14 verbose stack     at emitTwo (events.js:106:13)
14 verbose stack     at EventEmitter.emit (events.js:191:7)
14 verbose stack     at ChildProcess.<anonymous> (D:\node\node_modules\npm\lib\utils\spawn.js:40:14)
14 verbose stack     at emitTwo (events.js:106:13)
14 verbose stack     at ChildProcess.emit (events.js:191:7)
14 verbose stack     at maybeClose (internal/child_process.js:920:16)
14 verbose stack     at Process.ChildProcess._handle.onexit (internal/child_process.js:230:5)
15 verbose pkgid spider@1.0.0
16 verbose cwd E:\Code\node\spider
17 error Windows_NT 10.0.16299
18 error argv "D:\\node\\node.exe" "D:\\node\\node_modules\\npm\\bin\\npm-cli.js" "run" "bn"
19 error node v6.11.3
20 error npm  v3.10.10
21 error code ELIFECYCLE
22 error spider@1.0.0 bn: `babel-node index.js`
22 error Exit status 1
23 error Failed at the spider@1.0.0 bn script 'babel-node index.js'.
23 error Make sure you have the latest version of node.js and npm installed.
23 error If you do, this is most likely a problem with the spider package,
23 error not with npm itself.
23 error Tell the author that this fails on your system:
23 error     babel-node index.js
23 error You can get information on how to open an issue for this project with:
23 error     npm bugs spider
23 error Or if that isn't available, you can get their info via:
23 error     npm owner ls spider
23 error There is likely additional logging output above.
24 verbose exit [ 1, true ]
